C51 COMPILER V9.01   I2CMDRV                                                               12/06/2016 10:42:37 PAGE 1   


C51 COMPILER V9.01, COMPILATION OF MODULE I2CMDRV
OBJECT MODULE PLACED IN .\i2cmdrv.obj
COMPILER INVOKED BY: D:\Keil\C51\BIN\C51.EXE ..\I2c_master\i2cmdrv.c BROWSE DEBUG OBJECTEXTEND PRINT(.\i2cmdrv.lst) OBJE
                    -CT(.\i2cmdrv.obj)

line level    source

   1          
   2          #define _I2C_DRV_C_
   3          #include "..\\Includes.h"
   4          
   5          #define SPEEDUP_I2C
   6          #define TRY_COUNT                3      /* retry if no ack */
   7          unsigned char  i2c_op_status;
   8          /******************************************************************
   9           Local Function Declarations.
  10          *******************************************************************/
  11          static unsigned char    _writebyte(unsigned char c);
  12          static unsigned char    _ack(  unsigned char mode);
  13          static unsigned char    _readbyte();
  14          
  15          /****************************************************
  16            Write a byte to the i2c device specified by
  17            its device id.
  18           
  19            arguments:
  20                  dev_id  device id 
  21                  addr    address to be written ( ignore if < 0 )
  22                  data    data to be written
  23           
  24            return:
  25                  0       okay (got ack)
  26                  -1      error (no ack)  
  27          *****************************************************/
  28          #define wait_timer(x)   {_nop_();}
  29          
  30          static unsigned char  _writebyte( unsigned char c)
  31          {
  32   1      #ifdef SPEEDUP_I2C
  33   1      
  34   1              if(c&0x80){
  35   2                      IIC_DEV_01_SDA=1;
  36   2              }
  37   1              else{
  38   2                      IIC_DEV_01_SDA=0;
  39   2              }
  40   1              _nop_();
  41   1      
  42   1                   IIC_DEV_01_SCL=1;
  43   1               //    wait_timer(2);
  44   1                      _nop_();
  45   1                      _nop_();
  46   1                      _nop_();
  47   1                      _nop_();                
  48   1                   IIC_DEV_01_SCL=0;
  49   1              
  50   1              if(c&0x40){
  51   2                      IIC_DEV_01_SDA=1;
  52   2              }
  53   1              else{
  54   2                      IIC_DEV_01_SDA=0;
C51 COMPILER V9.01   I2CMDRV                                                               12/06/2016 10:42:37 PAGE 2   

  55   2              }
  56   1              _nop_();
  57   1      
  58   1                   IIC_DEV_01_SCL=1;
  59   1               //    wait_timer(2);
  60   1                      _nop_();
  61   1                      _nop_();
  62   1                      _nop_();
  63   1                      _nop_();                
  64   1                   IIC_DEV_01_SCL=0;
  65   1      
  66   1              if(c&0x20){
  67   2                      IIC_DEV_01_SDA=1;
  68   2              }
  69   1              else{
  70   2                      IIC_DEV_01_SDA=0;
  71   2              }
  72   1              _nop_();
  73   1      
  74   1                   IIC_DEV_01_SCL=1;
  75   1               //    wait_timer(2);
  76   1                      _nop_();
  77   1                      _nop_();
  78   1                      _nop_();
  79   1                      _nop_();                
  80   1                   IIC_DEV_01_SCL=0;
  81   1              
  82   1              if(c&0x10){
  83   2                      IIC_DEV_01_SDA=1;
  84   2              }
  85   1              else{
  86   2                      IIC_DEV_01_SDA=0;
  87   2              }
  88   1              _nop_();
  89   1      
  90   1                   IIC_DEV_01_SCL=1;
  91   1               //    wait_timer(2);
  92   1                      _nop_();
  93   1                      _nop_();
  94   1                      _nop_();
  95   1                      _nop_();                
  96   1                   IIC_DEV_01_SCL=0;
  97   1              if(c&0x08){
  98   2                      IIC_DEV_01_SDA=1;
  99   2              }
 100   1              else{
 101   2                      IIC_DEV_01_SDA=0;
 102   2              }
 103   1              _nop_();
 104   1      
 105   1                   IIC_DEV_01_SCL=1;
 106   1               //    wait_timer(2);
 107   1                      _nop_();
 108   1                      _nop_();
 109   1                      _nop_();
 110   1                      _nop_();                
 111   1                   IIC_DEV_01_SCL=0;
 112   1              
 113   1              if(c&0x04){
 114   2                      IIC_DEV_01_SDA=1;
 115   2              }
 116   1              else{
C51 COMPILER V9.01   I2CMDRV                                                               12/06/2016 10:42:37 PAGE 3   

 117   2                      IIC_DEV_01_SDA=0;
 118   2              }
 119   1              _nop_();
 120   1      
 121   1                   IIC_DEV_01_SCL=1;
 122   1               //    wait_timer(2);
 123   1                      _nop_();
 124   1                      _nop_();
 125   1                      _nop_();
 126   1                      _nop_();                
 127   1                   IIC_DEV_01_SCL=0;
 128   1      
 129   1              if(c&0x02){
 130   2                      IIC_DEV_01_SDA=1;
 131   2              }
 132   1              else{
 133   2                      IIC_DEV_01_SDA=0;
 134   2              }
 135   1              _nop_();
 136   1      
 137   1                   IIC_DEV_01_SCL=1;
 138   1               //    wait_timer(2);
 139   1                      _nop_();
 140   1                      _nop_();
 141   1                      _nop_();
 142   1                      _nop_();                
 143   1                   IIC_DEV_01_SCL=0;
 144   1              
 145   1              if(c&0x01){
 146   2                      IIC_DEV_01_SDA=1;
 147   2              }
 148   1              else{
 149   2                      IIC_DEV_01_SDA=0;
 150   2              }
 151   1              _nop_();
 152   1      
 153   1                   IIC_DEV_01_SCL=1;
 154   1               //    wait_timer(2);
 155   1                      _nop_();
 156   1                      _nop_();
 157   1                      _nop_();
 158   1                      _nop_();                
 159   1                   IIC_DEV_01_SCL=0;
 160   1      
 161   1                      IIC_DEV_01_SDA=1;
 162   1                      _nop_();
 163   1                      _nop_();
 164   1                      _nop_();
 165   1                      _nop_();                
 166   1                      IIC_DEV_01_SCL=1;
 167   1                      _nop_();
 168   1                      _nop_();
 169   1                      _nop_();
 170   1                      _nop_();                
 171   1      
 172   1                      c=80;  /* ack start time */
 173   1                      
 174   1                  while (c) {
 175   2                      //if (!(cptr->SDA_sense())) 
 176   2                      if(!IIC_DEV_01_SDA)
 177   2                      {
 178   3                              c=1;    
C51 COMPILER V9.01   I2CMDRV                                                               12/06/2016 10:42:37 PAGE 4   

 179   3                              break;
 180   3                      }
 181   2                        c--;                    
 182   2                  }       
 183   1                      IIC_DEV_01_SCL=0;
 184   1                      _nop_();
 185   1                      _nop_();
 186   1                      _nop_();
 187   1                      _nop_();                
 188   1                      return c;       
 189   1      
 190   1      #else
                     for (i = 0; i < 8; i++) {
                              
                          if (c & 0x80) {                     /* most significant bit */
                                      IIC_DEV_01_SDA=1;
                          }
                          else {
                                      IIC_DEV_01_SDA=0;       
                          }
                           wait_timer(2);
                      //      _nop_();
                      //      _nop_();
                      
                           IIC_DEV_01_SCL=1;
                           wait_timer(2);
                      //      _nop_();
                      //      _nop_();
                              
                           IIC_DEV_01_SCL=0;
                      
                          c <<= 1;
                      }
                      return _ack(1);                 /* get acknowledge */
                              
              #endif
 215   1      }
 216          
 217          void _nakout()
 218          {
 219   1              IIC_DEV_01_SDA=1;               
 220   1              wait_timer(2);
 221   1              IIC_DEV_01_SCL=1;       
 222   1              wait_timer(2);
 223   1              IIC_DEV_01_SCL=0;
 224   1              wait_timer(2);  
 225   1      }
 226          
 227          void _ackout()
 228          {
 229   1              IIC_DEV_01_SDA=0;               
 230   1              wait_timer(2);
 231   1              IIC_DEV_01_SCL=1;       
 232   1              wait_timer(2);
 233   1              IIC_DEV_01_SCL=0;
 234   1              wait_timer(2);  
 235   1              IIC_DEV_01_SDA=1;
 236   1              
 237   1      }
 238          
 239          
 240          /****************************************************
C51 COMPILER V9.01   I2CMDRV                                                               12/06/2016 10:42:37 PAGE 5   

 241           i2c_readbyte:
 242                  Read a byte from the I2C bus. 
 243           
 244                  arguments:
 245                          *cptr   ptr to the current device
 246                                  parameters.
 247                  return:    
 248                          b               byte read
 249          *****************************************************/
 250          static unsigned char _readbyte()
 251          {
 252   1              unsigned char b;
 253   1              
 254   1      #ifdef SPEEDUP_I2C
 255   1                      b=0;
 256   1      
 257   1                      IIC_DEV_01_SCL=1;
 258   1                      _nop_();
 259   1                      _nop_();
 260   1                      if(IIC_DEV_01_SDA)
 261   1                  {
 262   2                      b |= 0x80;
 263   2                  }   
 264   1                      IIC_DEV_01_SCL=0;       
 265   1                      _nop_();
 266   1                      _nop_();
 267   1                      _nop_();                
 268   1      
 269   1                      IIC_DEV_01_SCL=1;
 270   1                      _nop_();
 271   1                      _nop_();
 272   1                      if(IIC_DEV_01_SDA)
 273   1                  {
 274   2                      b |= 0x40;
 275   2                  }   
 276   1                      IIC_DEV_01_SCL=0;       
 277   1                      _nop_();
 278   1                      _nop_();
 279   1              
 280   1                      IIC_DEV_01_SCL=1;
 281   1                      _nop_();
 282   1                      _nop_();
 283   1                      if(IIC_DEV_01_SDA)
 284   1                  {
 285   2                      b |= 0x20;
 286   2                  }   
 287   1                      IIC_DEV_01_SCL=0;       
 288   1                      _nop_();
 289   1                      _nop_();
 290   1                      _nop_();                
 291   1                      
 292   1                      IIC_DEV_01_SCL=1;
 293   1                      _nop_();
 294   1                      _nop_();
 295   1                      if(IIC_DEV_01_SDA)
 296   1                  {
 297   2                      b |= 0x10;
 298   2                  }   
 299   1                      IIC_DEV_01_SCL=0;       
 300   1                      _nop_();
 301   1                      _nop_();
 302   1                      _nop_();                
C51 COMPILER V9.01   I2CMDRV                                                               12/06/2016 10:42:37 PAGE 6   

 303   1                      
 304   1                      IIC_DEV_01_SCL=1;
 305   1                      _nop_();
 306   1                      _nop_();
 307   1                      if(IIC_DEV_01_SDA)
 308   1                  {
 309   2                      b |= 0x08;
 310   2                  }   
 311   1                      IIC_DEV_01_SCL=0;       
 312   1                      _nop_();
 313   1                      _nop_();
 314   1                      _nop_();                
 315   1                      
 316   1                      IIC_DEV_01_SCL=1;
 317   1                      _nop_();
 318   1                      _nop_();
 319   1                      if(IIC_DEV_01_SDA)
 320   1                  {
 321   2                      b |= 0x04;
 322   2                  }   
 323   1                      IIC_DEV_01_SCL=0;       
 324   1                      _nop_();
 325   1                      _nop_();
 326   1                      _nop_();                
 327   1      
 328   1                      IIC_DEV_01_SCL=1;
 329   1                      _nop_();
 330   1                      _nop_();
 331   1                      if(IIC_DEV_01_SDA)
 332   1                  {
 333   2                      b |= 0x02;
 334   2                  }   
 335   1                      IIC_DEV_01_SCL=0;       
 336   1                      _nop_();
 337   1                      _nop_();
 338   1                      _nop_();                
 339   1      
 340   1                      IIC_DEV_01_SCL=1;
 341   1                      _nop_();
 342   1                      _nop_();
 343   1                      if(IIC_DEV_01_SDA)
 344   1                  {
 345   2                      b |= 0x01;
 346   2                  }   
 347   1                      IIC_DEV_01_SCL=0;       
 348   1                      _nop_();
 349   1                      _nop_();
 350   1      
 351   1      #else
                      unsigned char i;
                  b = 0;
                  for (i = 0; i < 8; i++) {
                          b <<= 1;
                              IIC_DEV_01_SCL=1;
                              _nop_();
                              _nop_();
                              _nop_();                
                      //      wait_timer(2);
                              if(IIC_DEV_01_SDA)
                          {
                              b |= 1;
                          }   
C51 COMPILER V9.01   I2CMDRV                                                               12/06/2016 10:42:37 PAGE 7   

                      //    else
                       //   {
                       //       b |= 0;
                       //   }         
                              IIC_DEV_01_SCL=0;               
                  }
              #endif  
 372   1          return(b);
 373   1      }
 374          
 375          unsigned char I2C_bytewrite( unsigned char slv_addr, unsigned short addr, unsigned char datax)
 376          {
 377   1           unsigned char      i;
 378   1           i2c_op_status=0x00;
 379   1          for (i = 0; i < TRY_COUNT; i++) 
 380   1          {   /* try again if no ack */
 381   2                IIC_DEV_01_SDA=1;
 382   2                IIC_DEV_01_SCL=1;     
 383   2               wait_timer(2);
 384   2               IIC_DEV_01_SDA=0;
 385   2               wait_timer(2);
 386   2               IIC_DEV_01_SCL=0;
 387   2               wait_timer(2);  
 388   2              if(!_writebyte(slv_addr)) /* control byte */
 389   2                      goto error_write_byte;  
 390   2                if(!_writebyte(addr))          /* word address */
 391   2                      goto error_write_byte;
 392   2              if(!_writebyte(datax))            /* data */
 393   2                      goto error_write_byte;  
 394   2      
 395   2               IIC_DEV_01_SCL=0;      
 396   2               IIC_DEV_01_SDA=0;
 397   2               wait_timer(2);
 398   2               IIC_DEV_01_SCL=1;      
 399   2               wait_timer(2);
 400   2               wait_timer(2);
 401   2      
 402   2               IIC_DEV_01_SDA=1;
 403   2              return(1);
 404   2              
 405   2      error_write_byte:
 406   2               IIC_DEV_01_SCL=0;      
 407   2               IIC_DEV_01_SDA=0;
 408   2               wait_timer(2);
 409   2               IIC_DEV_01_SCL=1;      
 410   2               wait_timer(2);
 411   2               wait_timer(2);  
 412   2               IIC_DEV_01_SDA=1;
 413   2              
 414   2      //       putstr("x wr err\r\n");
 415   2          } 
 416   1      stop_wrbyte:
 417   1               IIC_DEV_01_SCL=0;      
 418   1               IIC_DEV_01_SDA=0;
 419   1               wait_timer(2);
 420   1               IIC_DEV_01_SCL=1;      
 421   1               wait_timer(2);
 422   1               IIC_DEV_01_SDA=1;
 423   1      //       putstr("x w2 err\r\n");
 424   1      
 425   1              i2c_op_status=0xaa;
 426   1      
C51 COMPILER V9.01   I2CMDRV                                                               12/06/2016 10:42:37 PAGE 8   

 427   1             return(0); /* timeout without acknowledge after several attempts */
 428   1      }    
*** WARNING C280 IN LINE 416 OF ..\I2C_MASTER\I2CMDRV.C: 'stop_wrbyte': unreferenced label
 429          
 430          /****************************************************
 431            Read a byte from the i2c device specified by
 432            its device id.
 433          
 434            arguments:
 435                  dev_id  device id
 436                  addr    address to be read (ignore if < 0 )
 437          
 438            return:
 439                  >= 0    data read 
 440                  -1      error (no ack)
 441          *****************************************************/
 442          unsigned char  I2C_byteread( unsigned char slv_addr, unsigned short addr)
 443          {
 444   1          int         i;
 445   1          unsigned char       b;
 446   1            i2c_op_status=0x00;
 447   1      
 448   1          for (i = 0; i < TRY_COUNT; i++) {   /* try again if no ack */
 449   2      
 450   2                IIC_DEV_01_SDA=1;
 451   2                IIC_DEV_01_SCL=1;     
 452   2               wait_timer(2);
 453   2      
 454   2               IIC_DEV_01_SDA=0;
 455   2               wait_timer(2);
 456   2               IIC_DEV_01_SCL=0;
 457   2               wait_timer(2);  
 458   2      
 459   2                 if(!_writebyte(slv_addr)) /* control byte */
 460   2                              goto error_read_byte;  
 461   2                  if(!_writebyte(addr&0xff))          /* word address */
 462   2                              goto error_read_byte;
 463   2      
 464   2              // repeat start
 465   2               IIC_DEV_01_SCL=1;
 466   2               wait_timer(2);
 467   2               IIC_DEV_01_SDA=1;      
 468   2      
 469   2               wait_timer(2);
 470   2               IIC_DEV_01_SDA=0;
 471   2               wait_timer(2);
 472   2               IIC_DEV_01_SCL=0;
 473   2               wait_timer(2);  
 474   2      
 475   2              if(!_writebyte(slv_addr|0x01))
 476   2                      goto error_read_byte;   
 477   2                                              /* control byte: for read */
 478   2              b = _readbyte();             /* read one byte of data */
 479   2              /* ack clock cycle: no ack is needed for read */
 480   2              #ifdef SPEEDUP_I2C
 481   2              _nakout();
 482   2              #else
                      _ack(0);
                      #endif
 485   2              
 486   2               IIC_DEV_01_SCL=0;      
 487   2               IIC_DEV_01_SDA=0;
C51 COMPILER V9.01   I2CMDRV                                                               12/06/2016 10:42:37 PAGE 9   

 488   2               wait_timer(2);
 489   2               IIC_DEV_01_SCL=1;      
 490   2               wait_timer(2);
 491   2               IIC_DEV_01_SDA=1;
 492   2              
 493   2              return b;
 494   2      error_read_byte:
 495   2               IIC_DEV_01_SCL=0;      
 496   2               IIC_DEV_01_SDA=0;
 497   2               wait_timer(2);
 498   2               IIC_DEV_01_SCL=1;      
 499   2               wait_timer(2);
 500   2               IIC_DEV_01_SDA=1;
 501   2      
 502   2      //      putstr("x rd err\r\n");
 503   2              continue;
 504   2          }
 505   1           i2c_op_status=0xbb;
 506   1          
 507   1          return(0xff);          /* timeout without acknowledge after several attempts */
 508   1      }
 509          


MODULE INFORMATION:   STATIC OVERLAYABLE
   CODE SIZE        =    510    ----
   CONSTANT SIZE    =   ----    ----
   XDATA SIZE       =   ----    ----
   PDATA SIZE       =   ----    ----
   DATA SIZE        =      2    ----
   IDATA SIZE       =   ----    ----
   BIT SIZE         =   ----    ----
END OF MODULE INFORMATION.


C51 COMPILATION COMPLETE.  1 WARNING(S),  0 ERROR(S)
