C51 COMPILER V9.01   LCD1602                                                               12/06/2016 10:42:37 PAGE 1   


C51 COMPILER V9.01, COMPILATION OF MODULE LCD1602
OBJECT MODULE PLACED IN .\Lcd1602.obj
COMPILER INVOKED BY: D:\Keil\C51\BIN\C51.EXE ..\LCD1602\Lcd1602.c BROWSE DEBUG OBJECTEXTEND PRINT(.\Lcd1602.lst) OBJECT(
                    -.\Lcd1602.obj)

line level    source

   1          #define _LCD1602_C_
   2          #include "..\\Includes.h"
   3          
   4          bit lcd1602_BusyFlag()
   5          {
   6   1              bit busy_flag;
   7   1              RS=0;
   8   1              RW=1;
   9   1              E=1;
  10   1              _nop_();
  11   1              _nop_();
  12   1              _nop_();
  13   1              _nop_();
  14   1              busy_flag=(bit)(P0&0x80);
  15   1              E=0;
  16   1              return busy_flag;
  17   1      }
  18          
  19          void lcd1602_WriteData(unsigned char Data)
  20          {
  21   1              while(lcd1602_BusyFlag());
  22   1              RS=1;
  23   1              RW=0;
  24   1              E=0;
  25   1              _nop_();
  26   1              _nop_();
  27   1              P0=Data;
  28   1              _nop_();
  29   1              _nop_();
  30   1              _nop_();
  31   1              _nop_();
  32   1              E=1;
  33   1              _nop_();
  34   1              _nop_();
  35   1              _nop_();
  36   1              _nop_();
  37   1              E=0;
  38   1      }
  39          
  40          void lcd1602_WriteCmd(unsigned char Cmd)
  41          {
  42   1              while(lcd1602_BusyFlag());
  43   1              RS=0;
  44   1              RW=0;
  45   1              E=0;
  46   1              _nop_();
  47   1              _nop_();
  48   1              P0=Cmd;
  49   1              _nop_();
  50   1              _nop_();
  51   1              _nop_();
  52   1              _nop_();
  53   1              E=1;
  54   1              _nop_();
C51 COMPILER V9.01   LCD1602                                                               12/06/2016 10:42:37 PAGE 2   

  55   1              _nop_();
  56   1              _nop_();
  57   1              _nop_();
  58   1              E=0;
  59   1      }
  60          
  61          void lcd1602_ShowData(unsigned char Data,unsigned char pos)
  62          {
  63   1              lcd1602_WriteCmd(pos|0x80);
  64   1              lcd1602_WriteData(Data);
  65   1      }
  66          
  67          void lcd1602_ShowString(unsigned char *String,unsigned char pos)
  68          {
  69   1              lcd1602_WriteCmd(pos|0x80);
  70   1              while(*String!='\0')
  71   1              {
  72   2                      lcd1602_WriteData(*String);
  73   2                      String++;
  74   2              }
  75   1      }
  76          
  77          void init_lcd1602()
  78          {
  79   1              lcd1602_WriteCmd(0x38);
  80   1              Delayms(1);
  81   1              lcd1602_WriteCmd(0x0c);
  82   1              Delayms(1);
  83   1              lcd1602_WriteCmd(0x06);
  84   1              Delayms(1);
  85   1              lcd1602_WriteCmd(0x01);
  86   1              Delayms(1);
  87   1      }
  88          


MODULE INFORMATION:   STATIC OVERLAYABLE
   CODE SIZE        =    162    ----
   CONSTANT SIZE    =   ----    ----
   XDATA SIZE       =   ----    ----
   PDATA SIZE       =   ----    ----
   DATA SIZE        =   ----    ----
   IDATA SIZE       =   ----    ----
   BIT SIZE         =   ----       1
END OF MODULE INFORMATION.


C51 COMPILATION COMPLETE.  0 WARNING(S),  0 ERROR(S)
