C51 COMPILER V9.01   MAIN                                                                  11/29/2016 10:01:17 PAGE 1   


C51 COMPILER V9.01, COMPILATION OF MODULE MAIN
OBJECT MODULE PLACED IN .\main.obj
COMPILER INVOKED BY: D:\Keil\C51\BIN\C51.EXE ..\App\main.c BROWSE DEBUG OBJECTEXTEND PRINT(.\main.lst) OBJECT(.\main.obj
                    -)

line level    source

   1          #include "..\\Includes.h"
   2          
   3          void init_data()
   4          {
   5   1         _Timer=0;
   6   1         seconds_gone=0;
   7   1      }
   8          
   9          void init_mcu()
  10          {
  11   1              init_timer0();
  12   1              init_uart();
  13   1              init_data();
  14   1              enable_simple_key();
  15   1      }
  16          
  17          void main()
  18          {
  19   1      
  20   1              init_mcu();
  21   1              while(1)
  22   1              {
  23   2                      if(sys_tick_int)
  24   2                      {
  25   3                              sys_tick_int=0;
  26   3                              check_simple_key();
  27   3                              if(bDosimpleKey_Event)
  28   3                              {
  29   4                                      bDosimpleKey_Event=0;
  30   4                                      test_led1=0;
  31   4                                      test_led2=0;
  32   4                                      test_led3=0;
  33   4                                      test_led4=0;
  34   4                              }
  35   3                              if(bDoLongsimpleKey_Event)
  36   3                              {
  37   4                                      bDoLongsimpleKey_Event=0;
  38   4                                      test_led1=1;
  39   4                                      test_led2=1;
  40   4                                      test_led3=1;
  41   4                                      test_led4=1;
  42   4                              }
  43   3                      }
  44   2                      
  45   2      
  46   2                      if(clksec_changed)
  47   2                      {       
  48   3                              clksec_changed=0;
  49   3                              
  50   3                              //printf("%d\r\n",clksec_changed);                                      
  51   3                      }
  52   2              
  53   2              }
  54   1      
C51 COMPILER V9.01   MAIN                                                                  11/29/2016 10:01:17 PAGE 2   

  55   1      }


MODULE INFORMATION:   STATIC OVERLAYABLE
   CODE SIZE        =     62    ----
   CONSTANT SIZE    =   ----    ----
   XDATA SIZE       =   ----    ----
   PDATA SIZE       =   ----    ----
   DATA SIZE        =   ----    ----
   IDATA SIZE       =   ----    ----
   BIT SIZE         =   ----    ----
END OF MODULE INFORMATION.


C51 COMPILATION COMPLETE.  0 WARNING(S),  0 ERROR(S)
