C51 COMPILER V9.01   SIMPLEKEY                                                             12/01/2016 15:53:10 PAGE 1   


C51 COMPILER V9.01, COMPILATION OF MODULE SIMPLEKEY
OBJECT MODULE PLACED IN .\simplekey.obj
COMPILER INVOKED BY: D:\Keil\C51\BIN\C51.EXE ..\Key\simplekey.c BROWSE DEBUG OBJECTEXTEND PRINT(.\simplekey.lst) OBJECT(
                    -.\simplekey.obj)

line level    source

   1          
   2          #define _SIMPLEKEY_C_
   3          
   4          #include "..\\Includes.h"
   5          
   6          #ifdef USE_SIMPLE_KEY
   7          #define SIMPLEYKEY_LONG_PRESS_TIME                      1500
   8          #define SIMPLEKEY_VERY_LONG_PRESS_TIME          6000
   9          unsigned short simple_key_press_very_long_counting;
  10          unsigned char simple_key_press_counting;
  11          unsigned char simple_key_release_counting;
  12          
  13          void init_simple_key()
  14          {
  15   1      
  16   1              simple_key_release_counting=0;
  17   1              simple_key_press_counting=0;
  18   1              bDoLongsimpleKey_Event=0;
  19   1              bDosimpleKey_Event=0;
  20   1              simple_key_press_very_long_counting=0;
  21   1              bSimpleKey_very_long_Event=0;
  22   1              SimpleKey_PIN=1;
  23   1      }
  24          
  25          void enable_simple_key()
  26          {
  27   1              init_simple_key();
  28   1              bSimpleyKeyEnabled=1;
  29   1      }
  30          void disable_simple_key()
  31          {
  32   1              bSimpleyKeyEnabled=0;
  33   1      }
  34          void check_simple_key()
  35          {       
  36   1              if(!SimpleKey_PIN)              /// mean key pressed
  37   1              {
  38   2                      if(simple_key_press_counting<(2500/SCAN_KEY_TIME_BASE))
  39   2                      {
  40   3                              simple_key_press_counting++;
  41   3                              if(simple_key_press_counting>=(150/SCAN_KEY_TIME_BASE))
  42   3                              {
  43   4                                      simple_key_release_counting=0;
  44   4                              }
  45   3                              if(simple_key_press_counting==(SIMPLEYKEY_LONG_PRESS_TIME/SCAN_KEY_TIME_BASE))
  46   3                              {
  47   4                                      /// the key pressed more than 1.2seconds, just, pump out the simple key
  48   4                                      bDoLongsimpleKey_Event=1;
  49   4                                      bDosimpleKey_Event=0;
  50   4                              }
  51   3                      }
  52   2                      if(simple_key_press_very_long_counting<(SIMPLEKEY_VERY_LONG_PRESS_TIME/SCAN_KEY_TIME_BASE+10))
  53   2                      {
  54   3                              simple_key_press_very_long_counting++;
C51 COMPILER V9.01   SIMPLEKEY                                                             12/01/2016 15:53:10 PAGE 2   

  55   3                              if(simple_key_press_very_long_counting==(SIMPLEKEY_VERY_LONG_PRESS_TIME/SCAN_KEY_TIME_BASE))
  56   3                              {
  57   4                                      bSimpleKey_very_long_Event=1;
  58   4                                      bDoLongsimpleKey_Event=0;
  59   4                                      bDosimpleKey_Event=0;
  60   4                              }
  61   3                      }
  62   2              }
  63   1              else            //      else the key is released
  64   1              {
  65   2                      if(simple_key_release_counting<(300/SCAN_KEY_TIME_BASE))
  66   2                      {
  67   3                              simple_key_release_counting++;
  68   3                              if(simple_key_release_counting>=(50/SCAN_KEY_TIME_BASE))
  69   3                              {
  70   4                                      if(simple_key_press_counting>=((SIMPLEYKEY_LONG_PRESS_TIME-50)/SCAN_KEY_TIME_BASE)
  71   4                                      //      &&simple_key_press_counting<((SIMPLEYKEY_LONG_PRESS_TIME+100)/SCAN_KEY_TIME_BASE)
  72   4                                      )
  73   4                                      {
  74   5                                              if(simple_key_press_very_long_counting<(SIMPLEKEY_VERY_LONG_PRESS_TIME/SCAN_KEY_TIME_BASE))
  75   5                                                      //bDoLongsimpleKey_Event=1;
  76   5                                              bDosimpleKey_Event=0;
  77   5                                      }
  78   4                                      else if(simple_key_press_counting>(150/SCAN_KEY_TIME_BASE)
  79   4                                                      &&simple_key_press_counting<((SIMPLEYKEY_LONG_PRESS_TIME-50)/SCAN_KEY_TIME_BASE)
  80   4                                      )
  81   4                                      {
  82   5                                              // when >100, then means the key processed,else the key may not be processed
  83   5                                              bDosimpleKey_Event=1;
  84   5                                              bDoLongsimpleKey_Event=0;
  85   5                                      }
  86   4                                      simple_key_press_counting=0;
  87   4                                      simple_key_press_very_long_counting=0;
  88   4                              }
  89   3                      }
  90   2              }
  91   1      }
  92          #endif
  93          


MODULE INFORMATION:   STATIC OVERLAYABLE
   CODE SIZE        =    151    ----
   CONSTANT SIZE    =   ----    ----
   XDATA SIZE       =   ----    ----
   PDATA SIZE       =   ----    ----
   DATA SIZE        =      4    ----
   IDATA SIZE       =   ----    ----
   BIT SIZE         =      4    ----
END OF MODULE INFORMATION.


C51 COMPILATION COMPLETE.  0 WARNING(S),  0 ERROR(S)
