C51 COMPILER V9.01   STATEMACHINE                                                          12/06/2016 10:42:37 PAGE 1   


C51 COMPILER V9.01, COMPILATION OF MODULE STATEMACHINE
OBJECT MODULE PLACED IN .\statemachine.obj
COMPILER INVOKED BY: D:\Keil\C51\BIN\C51.EXE ..\Machine\statemachine.c BROWSE DEBUG OBJECTEXTEND PRINT(.\statemachine.ls
                    -t) OBJECT(.\statemachine.obj)

line level    source

   1          #define _STATE_MACHINE_C_
   2          
   3          #include "..\\Includes.h"
   4          
   5          void IdleFunc(){
   6   1      }
   7          
   8          void StartUpEnter()
   9          {
  10   1              lcd1602_ShowString("YANGGUOKE",0x00);
  11   1      }
  12          
  13          void StartUpRun()
  14          {
  15   1      
  16   1      }
  17          
  18          void StartUpTick()
  19          {
  20   1      
  21   1      }
  22          
  23          unsigned char StartUpNext(){
  24   1              
  25   1                      return state;
  26   1      }
  27          
  28          void SystemRun_Enter()
  29          {
  30   1      
  31   1      }
  32          
  33          void SystemRun_Leave()
  34          {
  35   1      
  36   1      }
  37          void SystemRun_Run()
  38          {
  39   1      
  40   1      }
  41          void SystemRun_Tick()
  42          {
  43   1      
  44   1      }
  45          unsigned char SystemRun_Next()
  46          {
  47   1      
  48   1              return state;
  49   1      }
  50          
  51          void StandBy_Enter()
  52          {       
  53   1              
  54   1      }
C51 COMPILER V9.01   STATEMACHINE                                                          12/06/2016 10:42:37 PAGE 2   

  55          void StandBy_Leave()
  56          {
  57   1      
  58   1      }
  59          void StandBy_Run()
  60          {
  61   1      
  62   1      }
  63          void StandBy_Tick()
  64          {
  65   1      
  66   1      }
  67          unsigned char StandBy_Next()
  68          {       
  69   1              return state;
  70   1      }
  71          
  72          code struct WorkState stateArray[]=
  73          {
  74                  {
  75                          StartUp,
  76                          StartUpEnter,
  77                          IdleFunc,
  78                          StartUpRun,
  79                          StartUpTick,
  80                          StartUpNext,    
  81                  },
  82                  {
  83                          SystemRun,
  84                          SystemRun_Enter,
  85                          SystemRun_Leave,
  86                          SystemRun_Run,
  87                          SystemRun_Tick,
  88                          SystemRun_Next,
  89                  },      
  90                  {
  91                          StandBy,
  92                          StandBy_Enter,
  93                          StandBy_Leave,
  94                          StandBy_Run,
  95                          StandBy_Tick,
  96                          StandBy_Next,
  97                  },      
  98                  
  99          };
 100          
 101          void getState(unsigned char st)
 102          {       
 103   1              unsigned char x;                        
 104   1              for(x=0;x<MaxState;x++){
 105   2                      if(stateArray[x].state==st)        {
 106   3                              pWorkState=stateArray+x;
 107   3                              break;
 108   3                      }
 109   2              }       
 110   1      }
 111          
 112          void state_machine_init()
 113          {
 114   1              state=StartUp;
 115   1              pWorkState=&stateArray[StartUp];
 116   1              pWorkState->Enter();
C51 COMPILER V9.01   STATEMACHINE                                                          12/06/2016 10:42:37 PAGE 3   

 117   1              force_new_state=0;      
 118   1      }
 119          void state_machine_engine()
 120          {
 121   1              unsigned char newState;
 122   1      
 123   1              pWorkState->Run();
 124   1              newState=pWorkState->Next();
 125   1              if(force_new_state||(newState!=state)){
 126   2                      force_new_state=0;
 127   2                      pWorkState->Leave();
 128   2                      getState(newState);     // state will change now
 129   2      
 130   2                      prev_state=state;
 131   2                      state=newState; 
 132   2                      
 133   2                      pWorkState->Enter();
 134   2              }
 135   1      }
 136          void state_machine_tick(){
 137   1              pWorkState->SysTickRun();
 138   1      }
 139          
 140          


MODULE INFORMATION:   STATIC OVERLAYABLE
   CODE SIZE        =    211    ----
   CONSTANT SIZE    =     58    ----
   XDATA SIZE       =   ----    ----
   PDATA SIZE       =   ----    ----
   DATA SIZE        =      5       3
   IDATA SIZE       =   ----    ----
   BIT SIZE         =      1    ----
END OF MODULE INFORMATION.


C51 COMPILATION COMPLETE.  0 WARNING(S),  0 ERROR(S)
