C51 COMPILER V9.01   TIMER                                                                 11/28/2016 17:38:59 PAGE 1   


C51 COMPILER V9.01, COMPILATION OF MODULE TIMER
OBJECT MODULE PLACED IN .\timer.obj
COMPILER INVOKED BY: D:\Keil\C51\BIN\C51.EXE ..\Timer\timer.c BROWSE DEBUG OBJECTEXTEND PRINT(.\timer.lst) OBJECT(.\time
                    -r.obj)

line level    source

   1          #define _TIMER_C_
   2          #include "..\\Includes.h"
   3          
   4          void init_timer0()
   5          {
   6   1              TMOD|=0x01;
   7   1              TL0=TIME_RELOAD_25MS&0xff;
   8   1              TH0=(TIME_RELOAD_25MS>>8)&0xff;
   9   1              TR0=1;
  10   1              EA=1;
  11   1              ET0=1;
  12   1      }
  13          
  14          void timer0() interrupt 1
  15          {
  16   1              TL0=TIME_RELOAD_25MS&0xff;
  17   1              TH0=(TIME_RELOAD_25MS>>8)&0xff;
  18   1              _Timer++;
  19   1              if(_Timer==39)
  20   1              {
  21   2                      _Timer=0;
  22   2                      clksec_changed=1;
  23   2                      seconds_gone++;
  24   2              }
  25   1      }


MODULE INFORMATION:   STATIC OVERLAYABLE
   CODE SIZE        =     45    ----
   CONSTANT SIZE    =   ----    ----
   XDATA SIZE       =   ----    ----
   PDATA SIZE       =   ----    ----
   DATA SIZE        =      2    ----
   IDATA SIZE       =   ----    ----
   BIT SIZE         =      1    ----
END OF MODULE INFORMATION.


C51 COMPILATION COMPLETE.  0 WARNING(S),  0 ERROR(S)
